app/build/intermediates/manifest_merge_blame_file/debug/manifest-merger-blame-debug-report.txt
1<?xml version="1.0" encoding="utf-8"?>
2<manifest xmlns:android="http://schemas.android.com/apk/res/android"
3    package="com.example.covid19"
4    android:versionCode="1"
5    android:versionName="1.0" >
6
7    <uses-sdk
8        android:minSdkVersion="23"
8-->src\main\AndroidManifest.xml
9        android:targetSdkVersion="30" />
9-->src\main\AndroidManifest.xml
10
11    <uses-permission android:name="android.permission.WAKE_LOCK" />
11-->src\main\AndroidManifest.xml:5:5-68
11-->src\main\AndroidManifest.xml:5:22-65
12
13    <!-- <uses-feature android:name="android.hardware.type.watch" /> -->
14
15    <uses-permission android:name="android.permission.INTERNET" />
15-->src\main\AndroidManifest.xml:9:5-67
15-->src\main\AndroidManifest.xml:9:22-64
16
17    <application
17-->src\main\AndroidManifest.xml:11:5-46:19
18        android:allowBackup="true"
18-->src\main\AndroidManifest.xml:12:9-35
19        android:appComponentFactory="androidx.core.app.CoreComponentFactory"
19-->[androidx.core:core:1.3.0] AndroidManifest.xml:24:18-86
20        android:debuggable="true"
21        android:extractNativeLibs="false"
22        android:icon="@mipmap/ic_launcher"
22-->src\main\AndroidManifest.xml:13:9-43
23        android:label="@string/app_name"
23-->src\main\AndroidManifest.xml:14:9-41
24        android:roundIcon="@mipmap/ic_launcher_round"
24-->src\main\AndroidManifest.xml:15:9-54
25        android:supportsRtl="true"
25-->src\main\AndroidManifest.xml:16:9-35
26        android:testOnly="true"
27        android:theme="@style/AppTheme" >
27-->src\main\AndroidManifest.xml:17:9-40
28
29        <!-- <uses-library -->
30        <!-- android:name="com.google.android.wearable" -->
31        <!-- android:required="true" /> -->
32
33
34        <!--
35               Set to true if your app is Standalone, that is, it does not require the handheld
36               app to run.
37        -->
38        <meta-data
38-->src\main\AndroidManifest.xml:26:9-28:36
39            android:name="com.google.android.wearable.standalone"
39-->src\main\AndroidManifest.xml:27:13-66
40            android:value="true" />
40-->src\main\AndroidManifest.xml:28:13-33
41
42        <activity
42-->src\main\AndroidManifest.xml:30:9-32:69
43            android:name="com.example.covid19.Chart"
43-->src\main\AndroidManifest.xml:31:13-34
44            android:label="@string/title_activity_chart" />
44-->src\main\AndroidManifest.xml:32:13-57
45        <activity
45-->src\main\AndroidManifest.xml:33:9-35:62
46            android:name="com.example.covid19.DetailsActivity"
46-->src\main\AndroidManifest.xml:34:13-44
47            android:label="@string/title_activity_details" />
47-->src\main\AndroidManifest.xml:35:13-59
48        <activity
48-->src\main\AndroidManifest.xml:36:9-38:64
49            android:name="com.example.covid19.Countries"
49-->src\main\AndroidManifest.xml:37:13-38
50            android:label="@string/title_activity_countries" />
50-->src\main\AndroidManifest.xml:38:13-61
51        <activity android:name="com.example.covid19.MainActivity" >
51-->src\main\AndroidManifest.xml:39:9-45:20
51-->src\main\AndroidManifest.xml:39:19-47
52            <intent-filter>
52-->src\main\AndroidManifest.xml:40:13-44:29
53                <action android:name="android.intent.action.MAIN" />
53-->src\main\AndroidManifest.xml:41:17-69
53-->src\main\AndroidManifest.xml:41:25-66
54
55                <category android:name="android.intent.category.LAUNCHER" />
55-->src\main\AndroidManifest.xml:43:17-77
55-->src\main\AndroidManifest.xml:43:27-74
56            </intent-filter>
57        </activity>
58    </application>
59
60</manifest>